2026-04-27T10:35:57.284+05:30  INFO 19160 --- [payment-service] [main] c.y.payment.PaymentServiceApplication    : Starting PaymentServiceApplication using Java 21.0.10 with PID 19160 (C:\YARITRIP\yaritrip-backend-feature-ytbk\payment-service\target\classes started by hp in C:\YARITRIP\yaritrip-backend-feature-ytbk\payment-service)
2026-04-27T10:35:57.293+05:30  INFO 19160 --- [payment-service] [main] c.y.payment.PaymentServiceApplication    : No active profile set, falling back to 1 default profile: "default"
2026-04-27T10:35:57.555+05:30  WARN 19160 --- [payment-service] [main] ConfigServletWebServerApplicationContext : Exception encountered during context initialization - cancelling refresh attempt: org.springframework.beans.factory.BeanDefinitionStoreException: Failed to parse configuration class [com.yaritrip.payment.PaymentServiceApplication]
2026-04-27T10:35:57.782+05:30 ERROR 19160 --- [payment-service] [main] o.s.boot.SpringApplication               : Application run failed

org.springframework.beans.factory.BeanDefinitionStoreException: Failed to parse configuration class [com.yaritrip.payment.PaymentServiceApplication]
	at org.springframework.context.annotation.ConfigurationClassParser.parse(ConfigurationClassParser.java:194) ~[spring-context-6.2.18.jar:6.2.18]
	at org.springframework.context.annotation.ConfigurationClassPostProcessor.processConfigBeanDefinitions(ConfigurationClassPostProcessor.java:418) ~[spring-context-6.2.18.jar:6.2.18]
	at org.springframework.context.annotation.ConfigurationClassPostProcessor.postProcessBeanDefinitionRegistry(ConfigurationClassPostProcessor.java:290) ~[spring-context-6.2.18.jar:6.2.18]
	at org.springframework.context.support.PostProcessorRegistrationDelegate.invokeBeanDefinitionRegistryPostProcessors(PostProcessorRegistrationDelegate.java:349) ~[spring-context-6.2.18.jar:6.2.18]
	at org.springframework.context.support.PostProcessorRegistrationDelegate.invokeBeanFactoryPostProcessors(PostProcessorRegistrationDelegate.java:118) ~[spring-context-6.2.18.jar:6.2.18]
	at org.springframework.context.support.AbstractApplicationContext.invokeBeanFactoryPostProcessors(AbstractApplicationContext.java:792) ~[spring-context-6.2.18.jar:6.2.18]
	at org.springframework.context.support.AbstractApplicationContext.refresh(AbstractApplicationContext.java:610) ~[spring-context-6.2.18.jar:6.2.18]
	at org.springframework.boot.web.servlet.context.ServletWebServerApplicationContext.refresh(ServletWebServerApplicationContext.java:146) ~[spring-boot-3.5.14-SNAPSHOT.jar:3.5.14-SNAPSHOT]
	at org.springframework.boot.SpringApplication.refresh(SpringApplication.java:752) ~[spring-boot-3.5.14-SNAPSHOT.jar:3.5.14-SNAPSHOT]
	at org.springframework.boot.SpringApplication.refreshContext(SpringApplication.java:439) ~[spring-boot-3.5.14-SNAPSHOT.jar:3.5.14-SNAPSHOT]
	at org.springframework.boot.SpringApplication.run(SpringApplication.java:318) ~[spring-boot-3.5.14-SNAPSHOT.jar:3.5.14-SNAPSHOT]
	at org.springframework.boot.SpringApplication.run(SpringApplication.java:1361) ~[spring-boot-3.5.14-SNAPSHOT.jar:3.5.14-SNAPSHOT]
	at org.springframework.boot.SpringApplication.run(SpringApplication.java:1350) ~[spring-boot-3.5.14-SNAPSHOT.jar:3.5.14-SNAPSHOT]
	at com.yaritrip.payment.PaymentServiceApplication.main(PaymentServiceApplication.java:12) ~[classes/:na]
Caused by: org.springframework.context.annotation.ConflictingBeanDefinitionException: Annotation-specified bean name 'paymentWebhookController' for bean class [com.yaritrip.payment.webhook.PaymentWebhookController] conflicts with existing, non-compatible bean definition of same name and class [com.yaritrip.payment.controller.PaymentWebhookController]
	at org.springframework.context.annotation.ClassPathBeanDefinitionScanner.checkCandidate(ClassPathBeanDefinitionScanner.java:361) ~[spring-context-6.2.18.jar:6.2.18]
	at org.springframework.context.annotation.ClassPathBeanDefinitionScanner.doScan(ClassPathBeanDefinitionScanner.java:288) ~[spring-context-6.2.18.jar:6.2.18]
	at org.springframework.context.annotation.ComponentScanAnnotationParser.parse(ComponentScanAnnotationParser.java:128) ~[spring-context-6.2.18.jar:6.2.18]
	at org.springframework.context.annotation.ConfigurationClassParser.doProcessConfigurationClass(ConfigurationClassParser.java:346) ~[spring-context-6.2.18.jar:6.2.18]
	at org.springframework.context.annotation.ConfigurationClassParser.processConfigurationClass(ConfigurationClassParser.java:281) ~[spring-context-6.2.18.jar:6.2.18]
	at org.springframework.context.annotation.ConfigurationClassParser.parse(ConfigurationClassParser.java:204) ~[spring-context-6.2.18.jar:6.2.18]
	at org.springframework.context.annotation.ConfigurationClassParser.parse(ConfigurationClassParser.java:172) ~[spring-context-6.2.18.jar:6.2.18]
	... 13 common frames omitted

